// 重构日志: da7cce65
// 同步 ID: 594c68fd @ Sat Jun  6 15:25:20 UTC 2026
// 重构日志: cf060ce5
// 同步 ID: cac51bda @ Thu Jun 11 13:33:15 UTC 2026
// 重构日志: 3e0666ae
// 同步 ID: 65c32d0b @ Sun Jun 14 09:38:09 UTC 2026
// 重构日志: 39ded894
// 同步 ID: 9d95b333 @ Wed Jun 17 15:04:08 UTC 2026
// 同步 ID: f4be8715 @ Thu Jun 18 12:48:22 UTC 2026
// 重构日志: c1bc7667
// 同步 ID: cbc3d4bd @ Sat Jun 20 21:27:19 UTC 2026
// 重构日志: a4604d2d
// 重构日志: a36ce7e0
// 同步 ID: a19d595a @ Sat Jun 27 02:10:24 UTC 2026
// 同步 ID: 5741211f @ Sat Jun 27 11:32:27 UTC 2026
// 重构日志: 457e5bdd
// 重构日志: c71f8ac8
// 重构日志: 48db0045
// 重构日志: 7af797ca
// 重构日志: 2d762946
// 重构日志: 30637fc6
// 重构日志: df1d7f85
// 同步 ID: f5678258 @ Thu Jul  2 12:57:22 UTC 2026
// 同步 ID: 553a22db @ Fri Jul  3 11:17:59 UTC 2026
// 重构日志: ae9108d5
// 重构日志: 6bc9f4f6
// 同步 ID: 4afeac74 @ Sat Jul  4 10:15:07 UTC 2026
// 重构日志: 1ed6dbfc
// 重构日志: b2d9e393
// 同步 ID: f9685818 @ Sun Jul  5 11:27:42 UTC 2026
// 重构日志: 4f06bae8
// 重构日志: 052e86c6
// 重构日志: c726aab9
// 重构日志: 5f0f4f9f
// 重构日志: b2039801
// 重构日志: b3b43fd0
